Analysis & Synthesis report for linked_list
Sun Sep 15 20:22:19 2024
Quartus Prime Version 20.1.0 Build 711 06/05/2020 SJ Lite Edition


---------------------
; Table of Contents ;
---------------------
  1. Legal Notice
  2. Analysis & Synthesis Summary
  3. Analysis & Synthesis Settings
  4. Parallel Compilation
  5. Analysis & Synthesis Source Files Read
  6. Analysis & Synthesis Resource Usage Summary
  7. Analysis & Synthesis Resource Utilization by Entity
  8. General Register Statistics
  9. Multiplexer Restructuring Statistics (Restructuring Performed)
 10. Parameter Settings for User Entity Instance: Top-level Entity: |linked_list
 11. Parameter Settings for User Entity Instance: memory:next_ptr_mem
 12. Parameter Settings for User Entity Instance: memory:data_mem
 13. Post-Synthesis Netlist Statistics for Top Partition
 14. Elapsed Time Per Partition
 15. Analysis & Synthesis Messages



----------------
; Legal Notice ;
----------------
Copyright (C) 2020  Intel Corporation. All rights reserved.
Your use of Intel Corporation's design tools, logic functions 
and other software and tools, and any partner logic 
functions, and any output files from any of the foregoing 
(including device programming or simulation files), and any 
associated documentation or information are expressly subject 
to the terms and conditions of the Intel Program License 
Subscription Agreement, the Intel Quartus Prime License Agreement,
the Intel FPGA IP License Agreement, or other applicable license
agreement, including, without limitation, that your use is for
the sole purpose of programming logic devices manufactured by
Intel and sold by Intel or its authorized distributors.  Please
refer to the applicable agreement for further details, at
https://fpgasoftware.intel.com/eula.



+---------------------------------------------------------------------------------+
; Analysis & Synthesis Summary                                                    ;
+-----------------------------------+---------------------------------------------+
; Analysis & Synthesis Status       ; Successful - Sun Sep 15 20:22:18 2024       ;
; Quartus Prime Version             ; 20.1.0 Build 711 06/05/2020 SJ Lite Edition ;
; Revision Name                     ; linked_list                                 ;
; Top-level Entity Name             ; linked_list                                 ;
; Family                            ; Arria II GX                                 ;
; Logic utilization                 ; N/A                                         ;
;     Combinational ALUTs           ; 656                                         ;
;     Memory ALUTs                  ; 0                                           ;
;     Dedicated logic registers     ; 541                                         ;
; Total registers                   ; 541                                         ;
; Total pins                        ; 17                                          ;
; Total virtual pins                ; 0                                           ;
; Total block memory bits           ; 0                                           ;
; DSP block 18-bit elements         ; 0                                           ;
; Total GXB Receiver Channel PCS    ; 0                                           ;
; Total GXB Receiver Channel PMA    ; 0                                           ;
; Total GXB Transmitter Channel PCS ; 0                                           ;
; Total GXB Transmitter Channel PMA ; 0                                           ;
; Total PLLs                        ; 0                                           ;
; Total DLLs                        ; 0                                           ;
+-----------------------------------+---------------------------------------------+


+---------------------------------------------------------------------------------------------------------------------------+
; Analysis & Synthesis Settings                                                                                             ;
+---------------------------------------------------------------------------------+--------------------+--------------------+
; Option                                                                          ; Setting            ; Default Value      ;
+---------------------------------------------------------------------------------+--------------------+--------------------+
; Top-level entity name                                                           ; linked_list        ; linked_list        ;
; Family name                                                                     ; Arria II GX        ; Cyclone V          ;
; Use smart compilation                                                           ; Off                ; Off                ;
; Enable parallel Assembler and Timing Analyzer during compilation                ; On                 ; On                 ;
; Enable compact report table                                                     ; Off                ; Off                ;
; Restructure Multiplexers                                                        ; Auto               ; Auto               ;
; MLAB Add Timing Constraints For Mixed-Port Feed-Through Mode Setting Don't Care ; Off                ; Off                ;
; Create Debugging Nodes for IP Cores                                             ; Off                ; Off                ;
; Preserve fewer node names                                                       ; On                 ; On                 ;
; Intel FPGA IP Evaluation Mode                                                   ; Enable             ; Enable             ;
; Verilog Version                                                                 ; Verilog_2001       ; Verilog_2001       ;
; VHDL Version                                                                    ; VHDL_1993          ; VHDL_1993          ;
; State Machine Processing                                                        ; Auto               ; Auto               ;
; Safe State Machine                                                              ; Off                ; Off                ;
; Extract Verilog State Machines                                                  ; On                 ; On                 ;
; Extract VHDL State Machines                                                     ; On                 ; On                 ;
; Ignore Verilog initial constructs                                               ; Off                ; Off                ;
; Iteration limit for constant Verilog loops                                      ; 5000               ; 5000               ;
; Iteration limit for non-constant Verilog loops                                  ; 250                ; 250                ;
; Add Pass-Through Logic to Inferred RAMs                                         ; On                 ; On                 ;
; Infer RAMs from Raw Logic                                                       ; On                 ; On                 ;
; Parallel Synthesis                                                              ; On                 ; On                 ;
; DSP Block Balancing                                                             ; Auto               ; Auto               ;
; NOT Gate Push-Back                                                              ; On                 ; On                 ;
; Power-Up Don't Care                                                             ; On                 ; On                 ;
; Remove Redundant Logic Cells                                                    ; Off                ; Off                ;
; Remove Duplicate Registers                                                      ; On                 ; On                 ;
; Ignore CARRY Buffers                                                            ; Off                ; Off                ;
; Ignore CASCADE Buffers                                                          ; Off                ; Off                ;
; Ignore GLOBAL Buffers                                                           ; Off                ; Off                ;
; Ignore ROW GLOBAL Buffers                                                       ; Off                ; Off                ;
; Ignore LCELL Buffers                                                            ; Off                ; Off                ;
; Ignore SOFT Buffers                                                             ; On                 ; On                 ;
; Limit AHDL Integers to 32 Bits                                                  ; Off                ; Off                ;
; Optimization Technique                                                          ; Balanced           ; Balanced           ;
; Carry Chain Length                                                              ; 70                 ; 70                 ;
; Auto Carry Chains                                                               ; On                 ; On                 ;
; Auto Open-Drain Pins                                                            ; On                 ; On                 ;
; Perform WYSIWYG Primitive Resynthesis                                           ; Off                ; Off                ;
; Auto ROM Replacement                                                            ; On                 ; On                 ;
; Auto RAM Replacement                                                            ; On                 ; On                 ;
; Auto DSP Block Replacement                                                      ; On                 ; On                 ;
; Auto Shift Register Replacement                                                 ; Auto               ; Auto               ;
; Allow Shift Register Merging across Hierarchies                                 ; Auto               ; Auto               ;
; Auto Clock Enable Replacement                                                   ; On                 ; On                 ;
; Strict RAM Replacement                                                          ; Off                ; Off                ;
; Allow Synchronous Control Signals                                               ; On                 ; On                 ;
; Force Use of Synchronous Clear Signals                                          ; Off                ; Off                ;
; Auto RAM Block Balancing                                                        ; On                 ; On                 ;
; Auto RAM to Logic Cell Conversion                                               ; Off                ; Off                ;
; Auto Resource Sharing                                                           ; Off                ; Off                ;
; Allow Any RAM Size For Recognition                                              ; Off                ; Off                ;
; Allow Any ROM Size For Recognition                                              ; Off                ; Off                ;
; Allow Any Shift Register Size For Recognition                                   ; Off                ; Off                ;
; Use LogicLock Constraints during Resource Balancing                             ; On                 ; On                 ;
; Ignore translate_off and synthesis_off directives                               ; Off                ; Off                ;
; Timing-Driven Synthesis                                                         ; On                 ; On                 ;
; Report Parameter Settings                                                       ; On                 ; On                 ;
; Report Source Assignments                                                       ; On                 ; On                 ;
; Report Connectivity Checks                                                      ; On                 ; On                 ;
; Ignore Maximum Fan-Out Assignments                                              ; Off                ; Off                ;
; Synchronization Register Chain Length                                           ; 3                  ; 3                  ;
; Power Optimization During Synthesis                                             ; Normal compilation ; Normal compilation ;
; HDL message level                                                               ; Level2             ; Level2             ;
; Suppress Register Optimization Related Messages                                 ; Off                ; Off                ;
; Number of Removed Registers Reported in Synthesis Report                        ; 5000               ; 5000               ;
; Number of Swept Nodes Reported in Synthesis Report                              ; 5000               ; 5000               ;
; Number of Inverted Registers Reported in Synthesis Report                       ; 100                ; 100                ;
; Clock MUX Protection                                                            ; On                 ; On                 ;
; Auto Gated Clock Conversion                                                     ; Off                ; Off                ;
; Block Design Naming                                                             ; Auto               ; Auto               ;
; SDC constraint protection                                                       ; Off                ; Off                ;
; Synthesis Effort                                                                ; Auto               ; Auto               ;
; Shift Register Replacement - Allow Asynchronous Clear Signal                    ; On                 ; On                 ;
; Pre-Mapping Resynthesis Optimization                                            ; Off                ; Off                ;
; Analysis & Synthesis Message Level                                              ; Medium             ; Medium             ;
; Disable Register Merging Across Hierarchies                                     ; Auto               ; Auto               ;
; Resource Aware Inference For Block RAM                                          ; On                 ; On                 ;
+---------------------------------------------------------------------------------+--------------------+--------------------+


+------------------------------------------+
; Parallel Compilation                     ;
+----------------------------+-------------+
; Processors                 ; Number      ;
+----------------------------+-------------+
; Number detected on machine ; 8           ;
; Maximum allowed            ; 4           ;
;                            ;             ;
; Average used               ; 1.00        ;
; Maximum used               ; 4           ;
;                            ;             ;
; Usage by Processor         ; % Time Used ;
;     Processor 1            ; 100.0%      ;
;     Processor 2            ;   0.0%      ;
;     Processor 3            ;   0.0%      ;
;     Processor 4            ;   0.0%      ;
+----------------------------+-------------+


+------------------------------------------------------------------------------------------------------------------------------------------------------+
; Analysis & Synthesis Source Files Read                                                                                                               ;
+----------------------------------+-----------------+------------------------------+--------------------------------------------------------+---------+
; File Name with User-Entered Path ; Used in Netlist ; File Type                    ; File Name with Absolute Path                           ; Library ;
+----------------------------------+-----------------+------------------------------+--------------------------------------------------------+---------+
; memory.sv                        ; yes             ; User SystemVerilog HDL File  ; C:/Users/danie/Desktop/Code/linked_list/memory.sv      ;         ;
; linked_list.sv                   ; yes             ; User SystemVerilog HDL File  ; C:/Users/danie/Desktop/Code/linked_list/linked_list.sv ;         ;
+----------------------------------+-----------------+------------------------------+--------------------------------------------------------+---------+


+-----------------------------------------------------------+
; Analysis & Synthesis Resource Usage Summary               ;
+-----------------------------------------------+-----------+
; Resource                                      ; Usage     ;
+-----------------------------------------------+-----------+
; Estimated ALUTs Used                          ; 656       ;
;     -- Combinational ALUTs                    ; 656       ;
;     -- Memory ALUTs                           ; 0         ;
;     -- LUT_REGs                               ; 0         ;
; Dedicated logic registers                     ; 541       ;
;                                               ;           ;
; Estimated ALUTs Unavailable                   ; 0         ;
;     -- Due to unpartnered combinational logic ; 0         ;
;     -- Due to Memory ALUTs                    ; 0         ;
;                                               ;           ;
; Total combinational functions                 ; 656       ;
; Combinational ALUT usage by number of inputs  ;           ;
;     -- 7 input functions                      ; 0         ;
;     -- 6 input functions                      ; 187       ;
;     -- 5 input functions                      ; 157       ;
;     -- 4 input functions                      ; 115       ;
;     -- <=3 input functions                    ; 197       ;
;                                               ;           ;
; Combinational ALUTs by mode                   ;           ;
;     -- normal mode                            ; 656       ;
;     -- extended LUT mode                      ; 0         ;
;     -- arithmetic mode                        ; 0         ;
;     -- shared arithmetic mode                 ; 0         ;
;                                               ;           ;
; Estimated ALUT/register pairs used            ; 908       ;
;                                               ;           ;
; Total registers                               ; 541       ;
;     -- Dedicated logic registers              ; 541       ;
;     -- I/O registers                          ; 0         ;
;     -- LUT_REGs                               ; 0         ;
;                                               ;           ;
;                                               ;           ;
; I/O pins                                      ; 17        ;
;                                               ;           ;
; DSP block 18-bit elements                     ; 0         ;
;                                               ;           ;
; Maximum fan-out node                          ; clk~input ;
; Maximum fan-out                               ; 541       ;
; Total fan-out                                 ; 4557      ;
; Average fan-out                               ; 3.70      ;
+-----------------------------------------------+-----------+


+-----------------------------------------------------------------------------------------------------------------------------------------------------------------------------------------------------------------------------------------------------+
; Analysis & Synthesis Resource Utilization by Entity                                                                                                                                                                                                 ;
+----------------------------+---------------------+---------------------------+-------------------+--------------+---------+-----------+-----------+-----------+------+--------------+----------------------------------+-------------+--------------+
; Compilation Hierarchy Node ; Combinational ALUTs ; Dedicated Logic Registers ; Block Memory Bits ; DSP Elements ; DSP 9x9 ; DSP 12x12 ; DSP 18x18 ; DSP 36x36 ; Pins ; Virtual Pins ; Full Hierarchy Name              ; Entity Name ; Library Name ;
+----------------------------+---------------------+---------------------------+-------------------+--------------+---------+-----------+-----------+-----------+------+--------------+----------------------------------+-------------+--------------+
; |linked_list               ; 656 (563)           ; 541 (389)                 ; 0                 ; 0            ; 0       ; 0         ; 0         ; 0         ; 17   ; 0            ; |linked_list                     ; linked_list ; work         ;
;    |memory:data_mem|       ; 48 (48)             ; 76 (76)                   ; 0                 ; 0            ; 0       ; 0         ; 0         ; 0         ; 0    ; 0            ; |linked_list|memory:data_mem     ; memory      ; work         ;
;    |memory:next_ptr_mem|   ; 45 (45)             ; 76 (76)                   ; 0                 ; 0            ; 0       ; 0         ; 0         ; 0         ; 0    ; 0            ; |linked_list|memory:next_ptr_mem ; memory      ; work         ;
+----------------------------+---------------------+---------------------------+-------------------+--------------+---------+-----------+-----------+-----------+------+--------------+----------------------------------+-------------+--------------+
Note: For table entries with two numbers listed, the numbers in parentheses indicate the number of resources of the given type used by the specific entity alone. The numbers listed outside of parentheses indicate the total resources of the given type used by the specific entity and all of its sub-entities in the hierarchy.


+------------------------------------------------------+
; General Register Statistics                          ;
+----------------------------------------------+-------+
; Statistic                                    ; Value ;
+----------------------------------------------+-------+
; Total registers                              ; 541   ;
; Number of registers using Synchronous Clear  ; 20    ;
; Number of registers using Synchronous Load   ; 1     ;
; Number of registers using Asynchronous Clear ; 0     ;
; Number of registers using Asynchronous Load  ; 0     ;
; Number of registers using Clock Enable       ; 524   ;
; Number of registers using Preset             ; 0     ;
+----------------------------------------------+-------+


+------------------------------------------------------------------------------------------------------------------------------------------------------------------+
; Multiplexer Restructuring Statistics (Restructuring Performed)                                                                                                   ;
+--------------------+-----------+---------------+----------------------+------------------------+------------+----------------------------------------------------+
; Multiplexer Inputs ; Bus Width ; Baseline Area ; Area if Restructured ; Saving if Restructured ; Registered ; Example Multiplexer Output                         ;
+--------------------+-----------+---------------+----------------------+------------------------+------------+----------------------------------------------------+
; 3:1                ; 3 bits    ; 6 ALUTs       ; 3 ALUTs              ; 3 ALUTs                ; Yes        ; |linked_list|queue_head_lls[3][2]                  ;
; 3:1                ; 3 bits    ; 6 ALUTs       ; 3 ALUTs              ; 3 ALUTs                ; Yes        ; |linked_list|queue_head_lls[2][1]                  ;
; 3:1                ; 3 bits    ; 6 ALUTs       ; 3 ALUTs              ; 3 ALUTs                ; Yes        ; |linked_list|queue_head_lls[1][1]                  ;
; 3:1                ; 3 bits    ; 6 ALUTs       ; 3 ALUTs              ; 3 ALUTs                ; Yes        ; |linked_list|queue_head_lls[0][1]                  ;
; 3:1                ; 4 bits    ; 8 ALUTs       ; 4 ALUTs              ; 4 ALUTs                ; Yes        ; |linked_list|memory:data_mem|mem[0][0]             ;
; 3:1                ; 4 bits    ; 8 ALUTs       ; 4 ALUTs              ; 4 ALUTs                ; Yes        ; |linked_list|memory:data_mem|mem[1][1]             ;
; 3:1                ; 4 bits    ; 8 ALUTs       ; 4 ALUTs              ; 4 ALUTs                ; Yes        ; |linked_list|memory:data_mem|mem[2][1]             ;
; 3:1                ; 4 bits    ; 8 ALUTs       ; 4 ALUTs              ; 4 ALUTs                ; Yes        ; |linked_list|memory:data_mem|mem[3][1]             ;
; 3:1                ; 4 bits    ; 8 ALUTs       ; 4 ALUTs              ; 4 ALUTs                ; Yes        ; |linked_list|memory:data_mem|mem[4][1]             ;
; 3:1                ; 4 bits    ; 8 ALUTs       ; 4 ALUTs              ; 4 ALUTs                ; Yes        ; |linked_list|memory:data_mem|mem[5][3]             ;
; 3:1                ; 4 bits    ; 8 ALUTs       ; 4 ALUTs              ; 4 ALUTs                ; Yes        ; |linked_list|memory:data_mem|mem[6][3]             ;
; 3:1                ; 4 bits    ; 8 ALUTs       ; 4 ALUTs              ; 4 ALUTs                ; Yes        ; |linked_list|memory:data_mem|mem[7][3]             ;
; 3:1                ; 4 bits    ; 8 ALUTs       ; 4 ALUTs              ; 4 ALUTs                ; Yes        ; |linked_list|memory:data_mem|mem[8][3]             ;
; 3:1                ; 4 bits    ; 8 ALUTs       ; 4 ALUTs              ; 4 ALUTs                ; Yes        ; |linked_list|memory:data_mem|mem[9][3]             ;
; 3:1                ; 4 bits    ; 8 ALUTs       ; 4 ALUTs              ; 4 ALUTs                ; Yes        ; |linked_list|memory:data_mem|mem[10][0]            ;
; 3:1                ; 4 bits    ; 8 ALUTs       ; 4 ALUTs              ; 4 ALUTs                ; Yes        ; |linked_list|memory:data_mem|mem[11][3]            ;
; 3:1                ; 4 bits    ; 8 ALUTs       ; 4 ALUTs              ; 4 ALUTs                ; Yes        ; |linked_list|memory:data_mem|mem[12][3]            ;
; 3:1                ; 4 bits    ; 8 ALUTs       ; 4 ALUTs              ; 4 ALUTs                ; Yes        ; |linked_list|memory:data_mem|mem[13][3]            ;
; 3:1                ; 4 bits    ; 8 ALUTs       ; 4 ALUTs              ; 4 ALUTs                ; Yes        ; |linked_list|memory:data_mem|mem[14][0]            ;
; 3:1                ; 4 bits    ; 8 ALUTs       ; 4 ALUTs              ; 4 ALUTs                ; Yes        ; |linked_list|memory:data_mem|mem[15][0]            ;
; 3:1                ; 3 bits    ; 6 ALUTs       ; 3 ALUTs              ; 3 ALUTs                ; Yes        ; |linked_list|queue_tail_lls[3][0]                  ;
; 3:1                ; 3 bits    ; 6 ALUTs       ; 3 ALUTs              ; 3 ALUTs                ; Yes        ; |linked_list|queue_tail_lls[2][0]                  ;
; 3:1                ; 3 bits    ; 6 ALUTs       ; 3 ALUTs              ; 3 ALUTs                ; Yes        ; |linked_list|queue_tail_lls[1][0]                  ;
; 3:1                ; 3 bits    ; 6 ALUTs       ; 3 ALUTs              ; 3 ALUTs                ; Yes        ; |linked_list|queue_tail_lls[0][1]                  ;
; 3:1                ; 5 bits    ; 10 ALUTs      ; 5 ALUTs              ; 5 ALUTs                ; Yes        ; |linked_list|queue_ll_cnts[3][4][4]                ;
; 3:1                ; 5 bits    ; 10 ALUTs      ; 5 ALUTs              ; 5 ALUTs                ; Yes        ; |linked_list|queue_ll_cnts[3][3][0]                ;
; 3:1                ; 5 bits    ; 10 ALUTs      ; 5 ALUTs              ; 5 ALUTs                ; Yes        ; |linked_list|queue_ll_cnts[3][2][3]                ;
; 3:1                ; 5 bits    ; 10 ALUTs      ; 5 ALUTs              ; 5 ALUTs                ; Yes        ; |linked_list|queue_ll_cnts[3][1][1]                ;
; 3:1                ; 5 bits    ; 10 ALUTs      ; 5 ALUTs              ; 5 ALUTs                ; Yes        ; |linked_list|queue_ll_cnts[3][0][4]                ;
; 3:1                ; 5 bits    ; 10 ALUTs      ; 5 ALUTs              ; 5 ALUTs                ; Yes        ; |linked_list|queue_ll_cnts[2][4][0]                ;
; 3:1                ; 5 bits    ; 10 ALUTs      ; 5 ALUTs              ; 5 ALUTs                ; Yes        ; |linked_list|queue_ll_cnts[2][3][3]                ;
; 3:1                ; 5 bits    ; 10 ALUTs      ; 5 ALUTs              ; 5 ALUTs                ; Yes        ; |linked_list|queue_ll_cnts[2][2][1]                ;
; 3:1                ; 5 bits    ; 10 ALUTs      ; 5 ALUTs              ; 5 ALUTs                ; Yes        ; |linked_list|queue_ll_cnts[2][1][0]                ;
; 3:1                ; 5 bits    ; 10 ALUTs      ; 5 ALUTs              ; 5 ALUTs                ; Yes        ; |linked_list|queue_ll_cnts[2][0][1]                ;
; 3:1                ; 5 bits    ; 10 ALUTs      ; 5 ALUTs              ; 5 ALUTs                ; Yes        ; |linked_list|queue_ll_cnts[1][4][1]                ;
; 3:1                ; 5 bits    ; 10 ALUTs      ; 5 ALUTs              ; 5 ALUTs                ; Yes        ; |linked_list|queue_ll_cnts[1][3][4]                ;
; 3:1                ; 5 bits    ; 10 ALUTs      ; 5 ALUTs              ; 5 ALUTs                ; Yes        ; |linked_list|queue_ll_cnts[1][2][2]                ;
; 3:1                ; 5 bits    ; 10 ALUTs      ; 5 ALUTs              ; 5 ALUTs                ; Yes        ; |linked_list|queue_ll_cnts[1][1][1]                ;
; 3:1                ; 5 bits    ; 10 ALUTs      ; 5 ALUTs              ; 5 ALUTs                ; Yes        ; |linked_list|queue_ll_cnts[1][0][1]                ;
; 3:1                ; 5 bits    ; 10 ALUTs      ; 5 ALUTs              ; 5 ALUTs                ; Yes        ; |linked_list|queue_ll_cnts[0][4][0]                ;
; 3:1                ; 5 bits    ; 10 ALUTs      ; 5 ALUTs              ; 5 ALUTs                ; Yes        ; |linked_list|queue_ll_cnts[0][3][1]                ;
; 3:1                ; 5 bits    ; 10 ALUTs      ; 5 ALUTs              ; 5 ALUTs                ; Yes        ; |linked_list|queue_ll_cnts[0][2][1]                ;
; 3:1                ; 5 bits    ; 10 ALUTs      ; 5 ALUTs              ; 5 ALUTs                ; Yes        ; |linked_list|queue_ll_cnts[0][1][3]                ;
; 3:1                ; 5 bits    ; 10 ALUTs      ; 5 ALUTs              ; 5 ALUTs                ; Yes        ; |linked_list|queue_ll_cnts[0][0][4]                ;
; 3:1                ; 5 bits    ; 10 ALUTs      ; 5 ALUTs              ; 5 ALUTs                ; Yes        ; |linked_list|free_list_ll_cnts[4][4]               ;
; 3:1                ; 5 bits    ; 10 ALUTs      ; 5 ALUTs              ; 5 ALUTs                ; Yes        ; |linked_list|free_list_ll_cnts[3][2]               ;
; 3:1                ; 5 bits    ; 10 ALUTs      ; 5 ALUTs              ; 5 ALUTs                ; Yes        ; |linked_list|free_list_ll_cnts[2][3]               ;
; 3:1                ; 5 bits    ; 10 ALUTs      ; 5 ALUTs              ; 5 ALUTs                ; Yes        ; |linked_list|free_list_ll_cnts[1][4]               ;
; 3:1                ; 5 bits    ; 10 ALUTs      ; 5 ALUTs              ; 5 ALUTs                ; Yes        ; |linked_list|free_list_ll_cnts[0][1]               ;
; 3:1                ; 4 bits    ; 8 ALUTs       ; 4 ALUTs              ; 4 ALUTs                ; Yes        ; |linked_list|memory:next_ptr_mem|mem[0][0]         ;
; 3:1                ; 4 bits    ; 8 ALUTs       ; 4 ALUTs              ; 4 ALUTs                ; Yes        ; |linked_list|memory:next_ptr_mem|mem[1][3]         ;
; 3:1                ; 4 bits    ; 8 ALUTs       ; 4 ALUTs              ; 4 ALUTs                ; Yes        ; |linked_list|memory:next_ptr_mem|mem[2][3]         ;
; 3:1                ; 4 bits    ; 8 ALUTs       ; 4 ALUTs              ; 4 ALUTs                ; Yes        ; |linked_list|memory:next_ptr_mem|mem[3][3]         ;
; 3:1                ; 4 bits    ; 8 ALUTs       ; 4 ALUTs              ; 4 ALUTs                ; Yes        ; |linked_list|memory:next_ptr_mem|mem[4][3]         ;
; 3:1                ; 4 bits    ; 8 ALUTs       ; 4 ALUTs              ; 4 ALUTs                ; Yes        ; |linked_list|memory:next_ptr_mem|mem[5][1]         ;
; 3:1                ; 4 bits    ; 8 ALUTs       ; 4 ALUTs              ; 4 ALUTs                ; Yes        ; |linked_list|memory:next_ptr_mem|mem[6][1]         ;
; 3:1                ; 4 bits    ; 8 ALUTs       ; 4 ALUTs              ; 4 ALUTs                ; Yes        ; |linked_list|memory:next_ptr_mem|mem[7][1]         ;
; 3:1                ; 4 bits    ; 8 ALUTs       ; 4 ALUTs              ; 4 ALUTs                ; Yes        ; |linked_list|memory:next_ptr_mem|mem[8][0]         ;
; 3:1                ; 4 bits    ; 8 ALUTs       ; 4 ALUTs              ; 4 ALUTs                ; Yes        ; |linked_list|memory:next_ptr_mem|mem[9][0]         ;
; 3:1                ; 4 bits    ; 8 ALUTs       ; 4 ALUTs              ; 4 ALUTs                ; Yes        ; |linked_list|memory:next_ptr_mem|mem[10][3]        ;
; 3:1                ; 4 bits    ; 8 ALUTs       ; 4 ALUTs              ; 4 ALUTs                ; Yes        ; |linked_list|memory:next_ptr_mem|mem[11][0]        ;
; 3:1                ; 4 bits    ; 8 ALUTs       ; 4 ALUTs              ; 4 ALUTs                ; Yes        ; |linked_list|memory:next_ptr_mem|mem[12][2]        ;
; 3:1                ; 4 bits    ; 8 ALUTs       ; 4 ALUTs              ; 4 ALUTs                ; Yes        ; |linked_list|memory:next_ptr_mem|mem[13][3]        ;
; 3:1                ; 4 bits    ; 8 ALUTs       ; 4 ALUTs              ; 4 ALUTs                ; Yes        ; |linked_list|memory:next_ptr_mem|mem[14][3]        ;
; 3:1                ; 4 bits    ; 8 ALUTs       ; 4 ALUTs              ; 4 ALUTs                ; Yes        ; |linked_list|memory:next_ptr_mem|mem[15][3]        ;
; 3:1                ; 18 bits   ; 36 ALUTs      ; 0 ALUTs              ; 36 ALUTs               ; Yes        ; |linked_list|rd_ll_num_buffer[0][0]                ;
; 3:1                ; 4 bits    ; 8 ALUTs       ; 4 ALUTs              ; 4 ALUTs                ; Yes        ; |linked_list|queue_head_ptrs[3][4][0]              ;
; 3:1                ; 4 bits    ; 8 ALUTs       ; 4 ALUTs              ; 4 ALUTs                ; Yes        ; |linked_list|queue_head_ptrs[3][3][0]              ;
; 3:1                ; 4 bits    ; 8 ALUTs       ; 4 ALUTs              ; 4 ALUTs                ; Yes        ; |linked_list|queue_head_ptrs[3][2][2]              ;
; 3:1                ; 4 bits    ; 8 ALUTs       ; 4 ALUTs              ; 4 ALUTs                ; Yes        ; |linked_list|queue_head_ptrs[3][1][2]              ;
; 3:1                ; 4 bits    ; 8 ALUTs       ; 4 ALUTs              ; 4 ALUTs                ; Yes        ; |linked_list|queue_head_ptrs[3][0][2]              ;
; 3:1                ; 4 bits    ; 8 ALUTs       ; 4 ALUTs              ; 4 ALUTs                ; Yes        ; |linked_list|queue_head_ptrs[2][4][2]              ;
; 3:1                ; 4 bits    ; 8 ALUTs       ; 4 ALUTs              ; 4 ALUTs                ; Yes        ; |linked_list|queue_head_ptrs[2][3][2]              ;
; 3:1                ; 4 bits    ; 8 ALUTs       ; 4 ALUTs              ; 4 ALUTs                ; Yes        ; |linked_list|queue_head_ptrs[2][2][3]              ;
; 3:1                ; 4 bits    ; 8 ALUTs       ; 4 ALUTs              ; 4 ALUTs                ; Yes        ; |linked_list|queue_head_ptrs[2][1][1]              ;
; 3:1                ; 4 bits    ; 8 ALUTs       ; 4 ALUTs              ; 4 ALUTs                ; Yes        ; |linked_list|queue_head_ptrs[2][0][1]              ;
; 3:1                ; 4 bits    ; 8 ALUTs       ; 4 ALUTs              ; 4 ALUTs                ; Yes        ; |linked_list|queue_head_ptrs[1][4][0]              ;
; 3:1                ; 4 bits    ; 8 ALUTs       ; 4 ALUTs              ; 4 ALUTs                ; Yes        ; |linked_list|queue_head_ptrs[1][3][0]              ;
; 3:1                ; 4 bits    ; 8 ALUTs       ; 4 ALUTs              ; 4 ALUTs                ; Yes        ; |linked_list|queue_head_ptrs[1][2][3]              ;
; 3:1                ; 4 bits    ; 8 ALUTs       ; 4 ALUTs              ; 4 ALUTs                ; Yes        ; |linked_list|queue_head_ptrs[1][1][0]              ;
; 3:1                ; 4 bits    ; 8 ALUTs       ; 4 ALUTs              ; 4 ALUTs                ; Yes        ; |linked_list|queue_head_ptrs[1][0][0]              ;
; 3:1                ; 4 bits    ; 8 ALUTs       ; 4 ALUTs              ; 4 ALUTs                ; Yes        ; |linked_list|queue_head_ptrs[0][4][0]              ;
; 3:1                ; 4 bits    ; 8 ALUTs       ; 4 ALUTs              ; 4 ALUTs                ; Yes        ; |linked_list|queue_head_ptrs[0][3][3]              ;
; 3:1                ; 4 bits    ; 8 ALUTs       ; 4 ALUTs              ; 4 ALUTs                ; Yes        ; |linked_list|queue_head_ptrs[0][2][3]              ;
; 3:1                ; 4 bits    ; 8 ALUTs       ; 4 ALUTs              ; 4 ALUTs                ; Yes        ; |linked_list|queue_head_ptrs[0][1][1]              ;
; 3:1                ; 4 bits    ; 8 ALUTs       ; 4 ALUTs              ; 4 ALUTs                ; Yes        ; |linked_list|queue_head_ptrs[0][0][1]              ;
; 16:1               ; 4 bits    ; 40 ALUTs      ; 40 ALUTs             ; 0 ALUTs                ; Yes        ; |linked_list|memory:data_mem|rd_data_buf[1][0]     ;
; 5:1                ; 2 bits    ; 6 ALUTs       ; 4 ALUTs              ; 2 ALUTs                ; Yes        ; |linked_list|rd_queue_num_buffer[0][1]             ;
; 16:1               ; 4 bits    ; 40 ALUTs      ; 40 ALUTs             ; 0 ALUTs                ; Yes        ; |linked_list|memory:next_ptr_mem|rd_data_buf[1][1] ;
; 5:1                ; 4 bits    ; 12 ALUTs      ; 8 ALUTs              ; 4 ALUTs                ; Yes        ; |linked_list|free_list_head_ptrs[4][1]             ;
; 5:1                ; 4 bits    ; 12 ALUTs      ; 8 ALUTs              ; 4 ALUTs                ; Yes        ; |linked_list|free_list_head_ptrs[3][3]             ;
; 5:1                ; 4 bits    ; 12 ALUTs      ; 8 ALUTs              ; 4 ALUTs                ; Yes        ; |linked_list|free_list_head_ptrs[2][2]             ;
; 5:1                ; 4 bits    ; 12 ALUTs      ; 8 ALUTs              ; 4 ALUTs                ; Yes        ; |linked_list|free_list_head_ptrs[1][3]             ;
; 5:1                ; 4 bits    ; 12 ALUTs      ; 8 ALUTs              ; 4 ALUTs                ; Yes        ; |linked_list|free_list_head_ptrs[0][0]             ;
; 6:1                ; 3 bits    ; 12 ALUTs      ; 9 ALUTs              ; 3 ALUTs                ; Yes        ; |linked_list|free_list_head_ll[2]                  ;
; 6:1                ; 3 bits    ; 12 ALUTs      ; 9 ALUTs              ; 3 ALUTs                ; Yes        ; |linked_list|free_list_tail_ll[1]                  ;
; 8:1                ; 5 bits    ; 25 ALUTs      ; 10 ALUTs             ; 15 ALUTs               ; Yes        ; |linked_list|free_list_cnt[0]                      ;
; 3:1                ; 4 bits    ; 8 ALUTs       ; 8 ALUTs              ; 0 ALUTs                ; No         ; |linked_list|deq_next_ptr_mem_wr_addr[2]           ;
; 3:1                ; 4 bits    ; 8 ALUTs       ; 8 ALUTs              ; 0 ALUTs                ; No         ; |linked_list|enq_data_mem_wr_addr[2]               ;
; 4:1                ; 3 bits    ; 6 ALUTs       ; 6 ALUTs              ; 0 ALUTs                ; No         ; |linked_list|Mux77                                 ;
; 4:1                ; 3 bits    ; 6 ALUTs       ; 6 ALUTs              ; 0 ALUTs                ; No         ; |linked_list|Mux8                                  ;
; 3:1                ; 4 bits    ; 8 ALUTs       ; 8 ALUTs              ; 0 ALUTs                ; No         ; |linked_list|init_free_list_head_ptr[1]            ;
; 3:1                ; 4 bits    ; 8 ALUTs       ; 8 ALUTs              ; 0 ALUTs                ; No         ; |linked_list|init_next_ptr_mem_wr_data[2]          ;
; 8:1                ; 9 bits    ; 45 ALUTs      ; 36 ALUTs             ; 9 ALUTs                ; No         ; |linked_list|Mux167                                ;
; 4:1                ; 4 bits    ; 8 ALUTs       ; 8 ALUTs              ; 0 ALUTs                ; No         ; |linked_list|enq_queue_head_ptr[3]                 ;
; 4:1                ; 4 bits    ; 8 ALUTs       ; 8 ALUTs              ; 0 ALUTs                ; No         ; |linked_list|enq_next_ptr_mem_wr_data[3]           ;
; 8:1                ; 5 bits    ; 25 ALUTs      ; 20 ALUTs             ; 5 ALUTs                ; No         ; |linked_list|Mux175                                ;
; 4:1                ; 4 bits    ; 8 ALUTs       ; 8 ALUTs              ; 0 ALUTs                ; No         ; |linked_list|deq_free_list_head_ptr[0]             ;
; 4:1                ; 4 bits    ; 8 ALUTs       ; 8 ALUTs              ; 0 ALUTs                ; No         ; |linked_list|deq_next_ptr_mem_wr_data[2]           ;
; 4:1                ; 3 bits    ; 6 ALUTs       ; 6 ALUTs              ; 0 ALUTs                ; No         ; |linked_list|deq_rd_ll_num[2]                      ;
; 4:1                ; 3 bits    ; 6 ALUTs       ; 6 ALUTs              ; 0 ALUTs                ; No         ; |linked_list|enq_rd_ll_num[0]                      ;
; 4:1                ; 3 bits    ; 6 ALUTs       ; 6 ALUTs              ; 0 ALUTs                ; No         ; |linked_list|deq_queue_ll_num[0]                   ;
; 4:1                ; 3 bits    ; 6 ALUTs       ; 6 ALUTs              ; 0 ALUTs                ; No         ; |linked_list|enq_queue_ll_num[0]                   ;
; 5:1                ; 4 bits    ; 12 ALUTs      ; 12 ALUTs             ; 0 ALUTs                ; No         ; |linked_list|data_mem_wr_data[0]                   ;
; 6:1                ; 5 bits    ; 20 ALUTs      ; 15 ALUTs             ; 5 ALUTs                ; No         ; |linked_list|queue_ll_cnts                         ;
; 5:1                ; 3 bits    ; 9 ALUTs       ; 9 ALUTs              ; 0 ALUTs                ; No         ; |linked_list|free_list_ll_cnts                     ;
; 9:1                ; 4 bits    ; 24 ALUTs      ; 20 ALUTs             ; 4 ALUTs                ; No         ; |linked_list|init_next_ptr_mem_wr_addr             ;
; 7:1                ; 2 bits    ; 8 ALUTs       ; 8 ALUTs              ; 0 ALUTs                ; No         ; |linked_list|free_list_ll_cnts                     ;
; 9:1                ; 4 bits    ; 24 ALUTs      ; 24 ALUTs             ; 0 ALUTs                ; No         ; |linked_list|next_ptr_mem_rd_addr[1]               ;
; 32:1               ; 9 bits    ; 189 ALUTs     ; 162 ALUTs            ; 27 ALUTs               ; No         ; |linked_list|Mux132                                ;
; 32:1               ; 5 bits    ; 105 ALUTs     ; 90 ALUTs             ; 15 ALUTs               ; No         ; |linked_list|Mux35                                 ;
; 35:1               ; 4 bits    ; 92 ALUTs      ; 80 ALUTs             ; 12 ALUTs               ; No         ; |linked_list|enq_next_ptr_mem_wr_addr[3]           ;
+--------------------+-----------+---------------+----------------------+------------------------+------------+----------------------------------------------------+


+-----------------------------------------------------------------------------+
; Parameter Settings for User Entity Instance: Top-level Entity: |linked_list ;
+----------------+-------+----------------------------------------------------+
; Parameter Name ; Value ; Type                                               ;
+----------------+-------+----------------------------------------------------+
; NUM_QUEUES     ; 4     ; Signed Integer                                     ;
; LL_DEPTH       ; 16    ; Signed Integer                                     ;
; DATA_WIDTH     ; 4     ; Signed Integer                                     ;
; READ_DELAY     ; 3     ; Signed Integer                                     ;
+----------------+-------+----------------------------------------------------+
Note: In order to hide this table in the UI and the text report file, please set the "Show Parameter Settings in Synthesis Report" option in "Analysis and Synthesis Settings -> More Settings" to "Off".


+------------------------------------------------------------------+
; Parameter Settings for User Entity Instance: memory:next_ptr_mem ;
+----------------+-------+-----------------------------------------+
; Parameter Name ; Value ; Type                                    ;
+----------------+-------+-----------------------------------------+
; MEM_DEPTH      ; 16    ; Signed Integer                          ;
; DATA_WIDTH     ; 4     ; Signed Integer                          ;
; DELAY_CYCLES   ; 3     ; Signed Integer                          ;
+----------------+-------+-----------------------------------------+
Note: In order to hide this table in the UI and the text report file, please set the "Show Parameter Settings in Synthesis Report" option in "Analysis and Synthesis Settings -> More Settings" to "Off".


+--------------------------------------------------------------+
; Parameter Settings for User Entity Instance: memory:data_mem ;
+----------------+-------+-------------------------------------+
; Parameter Name ; Value ; Type                                ;
+----------------+-------+-------------------------------------+
; MEM_DEPTH      ; 16    ; Signed Integer                      ;
; DATA_WIDTH     ; 4     ; Signed Integer                      ;
; DELAY_CYCLES   ; 3     ; Signed Integer                      ;
+----------------+-------+-------------------------------------+
Note: In order to hide this table in the UI and the text report file, please set the "Show Parameter Settings in Synthesis Report" option in "Analysis and Synthesis Settings -> More Settings" to "Off".


+-----------------------------------------------------+
; Post-Synthesis Netlist Statistics for Top Partition ;
+-----------------------+-----------------------------+
; Type                  ; Count                       ;
+-----------------------+-----------------------------+
; arriaii_ff            ; 541                         ;
;     ENA               ; 504                         ;
;     ENA SCLR          ; 20                          ;
;     SLD               ; 1                           ;
;     plain             ; 16                          ;
; boundary_port         ; 17                          ;
; stratixiv_lcell_comb  ; 657                         ;
;     normal            ; 657                         ;
;         1 data inputs ; 1                           ;
;         2 data inputs ; 50                          ;
;         3 data inputs ; 147                         ;
;         4 data inputs ; 115                         ;
;         5 data inputs ; 157                         ;
;         6 data inputs ; 187                         ;
;                       ;                             ;
; Max LUT depth         ; 8.00                        ;
; Average LUT depth     ; 5.17                        ;
+-----------------------+-----------------------------+


+-------------------------------+
; Elapsed Time Per Partition    ;
+----------------+--------------+
; Partition Name ; Elapsed Time ;
+----------------+--------------+
; Top            ; 00:00:01     ;
+----------------+--------------+


+-------------------------------+
; Analysis & Synthesis Messages ;
+-------------------------------+
Info: *******************************************************************
Info: Running Quartus Prime Analysis & Synthesis
    Info: Version 20.1.0 Build 711 06/05/2020 SJ Lite Edition
    Info: Processing started: Sun Sep 15 20:22:09 2024
Info: Command: quartus_map --read_settings_files=on --write_settings_files=off linked_list -c linked_list
Warning (18236): Number of processors has not been specified which may cause overloading on shared machines.  Set the global assignment NUM_PARALLEL_PROCESSORS in your QSF to an appropriate value for best performance.
Info (20030): Parallel compilation is enabled and will use 4 of the 4 processors detected
Info (12021): Found 1 design units, including 1 entities, in source file memory.sv
    Info (12023): Found entity 1: memory File: C:/Users/danie/Desktop/Code/linked_list/memory.sv Line: 1
Info (12021): Found 1 design units, including 1 entities, in source file linked_list.sv
    Info (12023): Found entity 1: linked_list File: C:/Users/danie/Desktop/Code/linked_list/linked_list.sv Line: 1
Info (12127): Elaborating entity "linked_list" for the top level hierarchy
Warning (10036): Verilog HDL or VHDL warning at linked_list.sv(452): object "enq_vld_in_r1" assigned a value but never read File: C:/Users/danie/Desktop/Code/linked_list/linked_list.sv Line: 452
Warning (10036): Verilog HDL or VHDL warning at linked_list.sv(453): object "deq_vld_in_r1" assigned a value but never read File: C:/Users/danie/Desktop/Code/linked_list/linked_list.sv Line: 453
Warning (10230): Verilog HDL assignment warning at linked_list.sv(176): truncated value with size 32 to match size of target (5) File: C:/Users/danie/Desktop/Code/linked_list/linked_list.sv Line: 176
Warning (10230): Verilog HDL assignment warning at linked_list.sv(177): truncated value with size 32 to match size of target (5) File: C:/Users/danie/Desktop/Code/linked_list/linked_list.sv Line: 177
Warning (10230): Verilog HDL assignment warning at linked_list.sv(178): truncated value with size 5 to match size of target (4) File: C:/Users/danie/Desktop/Code/linked_list/linked_list.sv Line: 178
Warning (10230): Verilog HDL assignment warning at linked_list.sv(179): truncated value with size 32 to match size of target (3) File: C:/Users/danie/Desktop/Code/linked_list/linked_list.sv Line: 179
Warning (10230): Verilog HDL assignment warning at linked_list.sv(181): truncated value with size 5 to match size of target (4) File: C:/Users/danie/Desktop/Code/linked_list/linked_list.sv Line: 181
Warning (10230): Verilog HDL assignment warning at linked_list.sv(185): truncated value with size 5 to match size of target (4) File: C:/Users/danie/Desktop/Code/linked_list/linked_list.sv Line: 185
Warning (10230): Verilog HDL assignment warning at linked_list.sv(211): truncated value with size 32 to match size of target (5) File: C:/Users/danie/Desktop/Code/linked_list/linked_list.sv Line: 211
Warning (10230): Verilog HDL assignment warning at linked_list.sv(212): truncated value with size 32 to match size of target (5) File: C:/Users/danie/Desktop/Code/linked_list/linked_list.sv Line: 212
Warning (10230): Verilog HDL assignment warning at linked_list.sv(213): truncated value with size 32 to match size of target (3) File: C:/Users/danie/Desktop/Code/linked_list/linked_list.sv Line: 213
Warning (10230): Verilog HDL assignment warning at linked_list.sv(242): truncated value with size 32 to match size of target (5) File: C:/Users/danie/Desktop/Code/linked_list/linked_list.sv Line: 242
Warning (10230): Verilog HDL assignment warning at linked_list.sv(243): truncated value with size 32 to match size of target (5) File: C:/Users/danie/Desktop/Code/linked_list/linked_list.sv Line: 243
Warning (10230): Verilog HDL assignment warning at linked_list.sv(244): truncated value with size 32 to match size of target (3) File: C:/Users/danie/Desktop/Code/linked_list/linked_list.sv Line: 244
Warning (10230): Verilog HDL assignment warning at linked_list.sv(296): truncated value with size 32 to match size of target (3) File: C:/Users/danie/Desktop/Code/linked_list/linked_list.sv Line: 296
Warning (10230): Verilog HDL assignment warning at linked_list.sv(297): truncated value with size 32 to match size of target (5) File: C:/Users/danie/Desktop/Code/linked_list/linked_list.sv Line: 297
Warning (10230): Verilog HDL assignment warning at linked_list.sv(298): truncated value with size 32 to match size of target (5) File: C:/Users/danie/Desktop/Code/linked_list/linked_list.sv Line: 298
Warning (10230): Verilog HDL assignment warning at linked_list.sv(321): truncated value with size 32 to match size of target (5) File: C:/Users/danie/Desktop/Code/linked_list/linked_list.sv Line: 321
Warning (10230): Verilog HDL assignment warning at linked_list.sv(322): truncated value with size 32 to match size of target (5) File: C:/Users/danie/Desktop/Code/linked_list/linked_list.sv Line: 322
Warning (10230): Verilog HDL assignment warning at linked_list.sv(323): truncated value with size 32 to match size of target (3) File: C:/Users/danie/Desktop/Code/linked_list/linked_list.sv Line: 323
Warning (10230): Verilog HDL assignment warning at linked_list.sv(403): truncated value with size 32 to match size of target (1) File: C:/Users/danie/Desktop/Code/linked_list/linked_list.sv Line: 403
Warning (10230): Verilog HDL assignment warning at linked_list.sv(404): truncated value with size 32 to match size of target (4) File: C:/Users/danie/Desktop/Code/linked_list/linked_list.sv Line: 404
Warning (10230): Verilog HDL assignment warning at linked_list.sv(405): truncated value with size 32 to match size of target (4) File: C:/Users/danie/Desktop/Code/linked_list/linked_list.sv Line: 405
Info (10008): Verilog HDL or VHDL information: EDA Netlist Writer cannot regroup multidimensional array "queue_head_ptrs" into its bus
Info (10008): Verilog HDL or VHDL information: EDA Netlist Writer cannot regroup multidimensional array "queue_tail_ptrs" into its bus
Info (10008): Verilog HDL or VHDL information: EDA Netlist Writer cannot regroup multidimensional array "queue_ll_cnts" into its bus
Info (12128): Elaborating entity "memory" for hierarchy "memory:next_ptr_mem" File: C:/Users/danie/Desktop/Code/linked_list/linked_list.sv Line: 152
Info (286030): Timing-Driven Synthesis is running
Info (16010): Generating hard_block partition "hard_block:auto_generated_inst"
    Info (16011): Adding 0 node(s), including 0 DDIO, 0 PLL, 0 transceiver and 0 LCELL
Info (21057): Implemented 1088 device resources after synthesis - the final resource count might be different
    Info (21058): Implemented 12 input pins
    Info (21059): Implemented 5 output pins
    Info (21061): Implemented 1071 logic cells
Info: Quartus Prime Analysis & Synthesis was successful. 0 errors, 24 warnings
    Info: Peak virtual memory: 4843 megabytes
    Info: Processing ended: Sun Sep 15 20:22:19 2024
    Info: Elapsed time: 00:00:10
    Info: Total CPU time (on all processors): 00:00:09


